<?xml version="1.0" encoding="UTF-8"?>
<testng-results skipped="0" failed="0" total="1" passed="1">
  <reporter-output>
  </reporter-output>
  <suite name="Suite1" duration-ms="19" started-at="2014-08-13T06:02:25Z" finished-at="2014-08-13T06:02:25Z">
    <groups>
    </groups>
    <test name="J_pack1" duration-ms="19" started-at="2014-08-13T06:02:25Z" finished-at="2014-08-13T06:02:25Z">
      <class name="J_pack1.J_Test1">
        <test-method status="PASS" signature="testapp()[pri:0, instance:J_pack1.J_Test1@6033fec0]" name="testapp" duration-ms="6" started-at="2014-08-13T11:32:25Z" finished-at="2014-08-13T11:32:25Z">
          <reporter-output>
          </reporter-output>
        </test-method> <!-- testapp -->
      </class> <!-- J_pack1.J_Test1 -->
    </test> <!-- J_pack1 -->
  </suite> <!-- Suite1 -->
</testng-results>
